<?xml version="1.0" encoding="UTF-8" ?>
<testsuite errors="1" failures="0" hostname="skorpios" name="untref.aydoo.tests.ProcesadorTest" tests="1" time="0.014" timestamp="2014-06-22T00:32:47">
  <properties>
    <property name="java.vendor" value="Oracle Corporation" />
    <property name="coverage.summaryxml.dir" value="/home/guillermo/GUILLE/UNTREF/AyDOO/TP_FINAL/untref-aydoo-tp-final-garispe/build/reports/cobertura-summary-xml" />
    <property name="libs" value="/home/guillermo/GUILLE/UNTREF/AyDOO/TP_FINAL/untref-aydoo-tp-final-garispe/libs" />
    <property name="sun.java.launcher" value="SUN_STANDARD" />
    <property name="sun.management.compiler" value="HotSpot Tiered Compilers" />
    <property name="os.name" value="Linux" />
    <property name="sun.boot.class.path" value="/usr/lib/jvm/java-7-oracle/jre/lib/resources.jar:/usr/lib/jvm/java-7-oracle/jre/lib/rt.jar:/usr/lib/jvm/java-7-oracle/jre/lib/sunrsasign.jar:/usr/lib/jvm/java-7-oracle/jre/lib/jsse.jar:/usr/lib/jvm/java-7-oracle/jre/lib/jce.jar:/usr/lib/jvm/java-7-oracle/jre/lib/charsets.jar:/usr/lib/jvm/java-7-oracle/jre/lib/jfr.jar:/usr/lib/jvm/java-7-oracle/jre/classes" />
    <property name="reports.html.dir" value="/home/guillermo/GUILLE/UNTREF/AyDOO/TP_FINAL/untref-aydoo-tp-final-garispe/build/reports/junit-html" />
    <property name="sun.desktop" value="gnome" />
    <property name="java.vm.specification.vendor" value="Oracle Corporation" />
    <property name="net.sourceforge.cobertura.datafile" value="/home/guillermo/GUILLE/UNTREF/AyDOO/TP_FINAL/untref-aydoo-tp-final-garispe/build/cobertura.ser" />
    <property name="ant.home" value="/usr/share/ant" />
    <property name="java.runtime.version" value="1.7.0_60-b19" />
    <property name="cobertura.dir" value="/home/guillermo/GUILLE/UNTREF/AyDOO/TP_FINAL/untref-aydoo-tp-final-garispe/libs" />
    <property name="user.name" value="guillermo" />
    <property name="ant.file.proyecto-java-aydoo" value="/home/guillermo/GUILLE/UNTREF/AyDOO/TP_FINAL/untref-aydoo-tp-final-garispe/build.xml" />
    <property name="ant.file.type.proyecto-java-aydoo" value="file" />
    <property name="user.language" value="es" />
    <property name="build" value="/home/guillermo/GUILLE/UNTREF/AyDOO/TP_FINAL/untref-aydoo-tp-final-garispe/build" />
    <property name="sun.boot.library.path" value="/usr/lib/jvm/java-7-oracle/jre/lib/i386" />
    <property name="reports.dir" value="/home/guillermo/GUILLE/UNTREF/AyDOO/TP_FINAL/untref-aydoo-tp-final-garispe/build/reports" />
    <property name="ant.project.default-target" value="test" />
    <property name="ant.project.name" value="proyecto-java-aydoo" />
    <property name="java.version" value="1.7.0_60" />
    <property name="coverage.html.dir" value="/home/guillermo/GUILLE/UNTREF/AyDOO/TP_FINAL/untref-aydoo-tp-final-garispe/build/reports/cobertura-html" />
    <property name="user.timezone" value="" />
    <property name="sun.arch.data.model" value="32" />
    <property name="java.endorsed.dirs" value="/usr/lib/jvm/java-7-oracle/jre/lib/endorsed" />
    <property name="sun.cpu.isalist" value="" />
    <property name="sun.jnu.encoding" value="UTF-8" />
    <property name="file.encoding.pkg" value="sun.io" />
    <property name="file.separator" value="/" />
    <property name="java.specification.name" value="Java Platform API Specification" />
    <property name="classes.dir" value="/home/guillermo/GUILLE/UNTREF/AyDOO/TP_FINAL/untref-aydoo-tp-final-garispe/build" />
    <property name="java.class.version" value="51.0" />
    <property name="user.country" value="AR" />
    <property name="java.home" value="/usr/lib/jvm/java-7-oracle/jre" />
    <property name="java.vm.info" value="mixed mode" />
    <property name="ant.file" value="/home/guillermo/GUILLE/UNTREF/AyDOO/TP_FINAL/untref-aydoo-tp-final-garispe/build.xml" />
    <property name="os.version" value="3.11.0-23-generic" />
    <property name="path.separator" value=":" />
    <property name="java.vm.version" value="24.60-b09" />
    <property name="ant.library.dir" value="/usr/share/ant/lib" />
    <property name="java.awt.printerjob" value="sun.print.PSPrinterJob" />
    <property name="sun.io.unicode.encoding" value="UnicodeLittle" />
    <property name="awt.toolkit" value="sun.awt.X11.XToolkit" />
    <property name="reports.xml.dir" value="/home/guillermo/GUILLE/UNTREF/AyDOO/TP_FINAL/untref-aydoo-tp-final-garispe/build/reports/junit-xml" />
    <property name="user.home" value="/home/guillermo" />
    <property name="java.specification.vendor" value="Oracle Corporation" />
    <property name="coverage.xml.dir" value="/home/guillermo/GUILLE/UNTREF/AyDOO/TP_FINAL/untref-aydoo-tp-final-garispe/build/reports/cobertura-xml" />
    <property name="java.library.path" value="/usr/java/packages/lib/i386:/lib:/usr/lib" />
    <property name="java.vendor.url" value="http://java.oracle.com/" />
    <property name="java.vm.vendor" value="Oracle Corporation" />
    <property name="java.runtime.name" value="Java(TM) SE Runtime Environment" />
    <property name="sun.java.command" value="org.apache.tools.ant.taskdefs.optional.junit.JUnitTestRunner testsfile=/home/guillermo/GUILLE/UNTREF/AyDOO/TP_FINAL/untref-aydoo-tp-final-garispe/junittestcases886198056372478240.properties filtertrace=true haltOnError=false haltOnFailure=false showoutput=false outputtoformatters=true logfailedtests=true logtestlistenerevents=false formatter=org.apache.tools.ant.taskdefs.optional.junit.XMLJUnitResultFormatter,/home/guillermo/GUILLE/UNTREF/AyDOO/TP_FINAL/untref-aydoo-tp-final-garispe/build/reports/junit-xml/IGNORETHIS.xml crashfile=/home/guillermo/GUILLE/UNTREF/AyDOO/TP_FINAL/untref-aydoo-tp-final-garispe/junitvmwatcher380068660262128976.properties propsfile=/home/guillermo/GUILLE/UNTREF/AyDOO/TP_FINAL/untref-aydoo-tp-final-garispe/junit6347907339111917045.properties" />
    <property name="java.class.path" value="/home/guillermo/GUILLE/UNTREF/AyDOO/TP_FINAL/untref-aydoo-tp-final-garispe/build/instrumented:/home/guillermo/GUILLE/UNTREF/AyDOO/TP_FINAL/untref-aydoo-tp-final-garispe/build:/home/guillermo/GUILLE/UNTREF/AyDOO/TP_FINAL/untref-aydoo-tp-final-garispe/libs/asm-3.0.jar:/home/guillermo/GUILLE/UNTREF/AyDOO/TP_FINAL/untref-aydoo-tp-final-garispe/libs/asm-tree-3.0.jar:/home/guillermo/GUILLE/UNTREF/AyDOO/TP_FINAL/untref-aydoo-tp-final-garispe/libs/checkstyle-5.5-all.jar:/home/guillermo/GUILLE/UNTREF/AyDOO/TP_FINAL/untref-aydoo-tp-final-garispe/libs/cobertura.jar:/home/guillermo/GUILLE/UNTREF/AyDOO/TP_FINAL/untref-aydoo-tp-final-garispe/libs/jakarta-oro-2.0.8.jar:/home/guillermo/GUILLE/UNTREF/AyDOO/TP_FINAL/untref-aydoo-tp-final-garispe/libs/junit-4.10.jar:/home/guillermo/GUILLE/UNTREF/AyDOO/TP_FINAL/untref-aydoo-tp-final-garispe/libs/jyaml-1.3.jar:/home/guillermo/GUILLE/UNTREF/AyDOO/TP_FINAL/untref-aydoo-tp-final-garispe/libs/log4j-1.2.9.jar:/home/guillermo/GUILLE/UNTREF/AyDOO/TP_FINAL/untref-aydoo-tp-final-garispe/libs/mockito-all-1.9.0.jar:/home/guillermo/GUILLE/UNTREF/AyDOO/TP_FINAL/untref-aydoo-tp-final-garispe/libs/opencsv-2.3.jar:/home/guillermo/GUILLE/UNTREF/AyDOO/TP_FINAL/untref-aydoo-tp-final-garispe/libs/zip4j_1.3.2.jar:/home/guillermo/GUILLE/UNTREF/AyDOO/TP_FINAL/untref-aydoo-tp-final-garispe/build/tests:/usr/share/ant/lib/junit.jar:/usr/share/java/ant-launcher-1.8.2.jar:/usr/share/ant/lib/ant.jar:/usr/share/ant/lib/ant-junit.jar:/usr/share/ant/lib/ant-junit4.jar" />
    <property name="ant.version" value="Apache Ant(TM) version 1.8.2 compiled on December 3 2011" />
    <property name="java.vm.specification.name" value="Java Virtual Machine Specification" />
    <property name="ant.file.type" value="file" />
    <property name="java.vm.specification.version" value="1.7" />
    <property name="sun.cpu.endian" value="little" />
    <property name="sun.os.patch.level" value="unknown" />
    <property name="java.io.tmpdir" value="/tmp" />
    <property name="java.vendor.url.bug" value="http://bugreport.sun.com/bugreport/" />
    <property name="os.arch" value="i386" />
    <property name="java.awt.graphicsenv" value="sun.awt.X11GraphicsEnvironment" />
    <property name="instrumented.dir" value="/home/guillermo/GUILLE/UNTREF/AyDOO/TP_FINAL/untref-aydoo-tp-final-garispe/build/instrumented" />
    <property name="java.ext.dirs" value="/usr/lib/jvm/java-7-oracle/jre/lib/ext:/usr/java/packages/lib/ext" />
    <property name="user.dir" value="/home/guillermo/GUILLE/UNTREF/AyDOO/TP_FINAL/untref-aydoo-tp-final-garispe" />
    <property name="line.separator" value="&#xa;" />
    <property name="java.vm.name" value="Java HotSpot(TM) Server VM" />
    <property name="basedir" value="/home/guillermo/GUILLE/UNTREF/AyDOO/TP_FINAL/untref-aydoo-tp-final-garispe" />
    <property name="ant.java.version" value="1.7" />
    <property name="ant.core.lib" value="/usr/share/ant/lib/ant.jar" />
    <property name="file.encoding" value="UTF-8" />
    <property name="java.specification.version" value="1.7" />
    <property name="src.dir" value="/home/guillermo/GUILLE/UNTREF/AyDOO/TP_FINAL/untref-aydoo-tp-final-garispe/src" />
    <property name="ant.project.invoked-targets" value="test" />
  </properties>
  <testcase classname="untref.aydoo.tests.ProcesadorTest" name="probarTiempo" time="0.003">
    <error message="Bad local variable type&#xa;Exception Details:&#xa;  Location:&#xa;    untref/aydoo/procesador/ProcesadorEstadistico.getBicicletaMasUsada(Ljava/util/List;)I @50: iload&#xa;  Reason:&#xa;    Type top (current frame, locals[8]) is not assignable to integer&#xa;  Current Frame:&#xa;    bci: @50&#xa;    flags: { }&#xa;    locals: { &apos;untref/aydoo/procesador/ProcesadorEstadistico&apos;, &apos;java/util/List&apos;, integer, integer, integer, top, integer }&#xa;    stack: { }&#xa;  Bytecode:&#xa;    0000000: 033d 11ff ff3e 120f 1100 1ab8 0015 0336&#xa;    0000010: 0412 0f11 001b b800 1503 3605 120f 1100&#xa;    0000020: 1cb8 0015 0336 0612 0f11 001f b800 1503&#xa;    0000030: 3608 1508 2bb9 002b 0100 1100 1f3d 1100&#xa;    0000040: 003e a201 551c 1100 1fa0 0016 1d11 0000&#xa;    0000050: a000 0f12 0f1c 1d04 b800 2f11 ffff 3e12&#xa;    0000060: 0f11 0021 b800 152b 1508 b900 3302 00c0&#xa;    0000070: 0035 b600 3836 0612 0f11 0022 b800 1502&#xa;    0000080: 3607 120f 1100 24b8 0015 0336 0915 092b&#xa;    0000090: b900 2b01 0011 0024 3d11 0000 3ea2 0083&#xa;    00000a0: 1c11 0024 a000 161d 1100 00a0 000f 120f&#xa;    00000b0: 1c1d 04b8 002f 11ff ff3e 120f 1100 26b8&#xa;    00000c0: 0015 2b15 09b9 0033 0200 c000 35b6 0038&#xa;    00000d0: 1506 1100 263d 1100 003e a000 281c 1100&#xa;    00000e0: 26a0 0016 1d11 0000 a000 0f12 0f1c 1d04&#xa;    00000f0: b800 2f11 ffff 3e12 0f11 0028 b800 1584&#xa;    0000100: 0701 1d9b 000f 120f 1c1d 03b8 002f 11ff&#xa;    0000110: ff3e 120f 1100 24b8 0015 8409 01a7 ff70&#xa;    0000120: 1d9b 000f 120f 1c1d 03b8 002f 11ff ff3e&#xa;    0000130: 120f 1100 2cb8 0015 1507 1505 1100 2c3d&#xa;    0000140: 1100 003e a400 351c 1100 2ca0 0016 1d11&#xa;    0000150: 0000 a000 0f12 0f1c 1d04 b800 2f11 ffff&#xa;    0000160: 3e12 0f11 002e b800 1515 0736 0512 0f11&#xa;    0000170: 002f b800 1515 0636 041d 9b00 0f12 0f1c&#xa;    0000180: 1d03 b800 2f11 ffff 3e12 0f11 001f b800&#xa;    0000190: 1584 0801 a7fe 9e1d 9b00 0f12 0f1c 1d03&#xa;    00001a0: b800 2f11 ffff 3e12 0f11 0034 b800 15b2&#xa;    00001b0: 003e 1504 b600 4412 0f11 0035 b800 1515&#xa;    00001c0: 04ac                                   &#xa;  Stackmap Table:&#xa;    full_frame(@50,{Object[#2],Object[#39],Integer,Integer,Integer,Top,Integer},{})&#xa;    full_frame(@141,{Object[#2],Object[#39],Integer,Integer,Integer,Integer,Integer,Integer},{})&#xa;    same_frame_extended(@282)&#xa;    chop_frame(@312,1)&#xa;    same_frame_extended(@401)&#xa;    chop_frame(@431,2)&#xa;" type="java.lang.VerifyError">java.lang.VerifyError: Bad local variable type
Exception Details:
  Location:
    untref/aydoo/procesador/ProcesadorEstadistico.getBicicletaMasUsada(Ljava/util/List;)I @50: iload
  Reason:
    Type top (current frame, locals[8]) is not assignable to integer
  Current Frame:
    bci: @50
    flags: { }
    locals: { &apos;untref/aydoo/procesador/ProcesadorEstadistico&apos;, &apos;java/util/List&apos;, integer, integer, integer, top, integer }
    stack: { }
  Bytecode:
    0000000: 033d 11ff ff3e 120f 1100 1ab8 0015 0336
    0000010: 0412 0f11 001b b800 1503 3605 120f 1100
    0000020: 1cb8 0015 0336 0612 0f11 001f b800 1503
    0000030: 3608 1508 2bb9 002b 0100 1100 1f3d 1100
    0000040: 003e a201 551c 1100 1fa0 0016 1d11 0000
    0000050: a000 0f12 0f1c 1d04 b800 2f11 ffff 3e12
    0000060: 0f11 0021 b800 152b 1508 b900 3302 00c0
    0000070: 0035 b600 3836 0612 0f11 0022 b800 1502
    0000080: 3607 120f 1100 24b8 0015 0336 0915 092b
    0000090: b900 2b01 0011 0024 3d11 0000 3ea2 0083
    00000a0: 1c11 0024 a000 161d 1100 00a0 000f 120f
    00000b0: 1c1d 04b8 002f 11ff ff3e 120f 1100 26b8
    00000c0: 0015 2b15 09b9 0033 0200 c000 35b6 0038
    00000d0: 1506 1100 263d 1100 003e a000 281c 1100
    00000e0: 26a0 0016 1d11 0000 a000 0f12 0f1c 1d04
    00000f0: b800 2f11 ffff 3e12 0f11 0028 b800 1584
    0000100: 0701 1d9b 000f 120f 1c1d 03b8 002f 11ff
    0000110: ff3e 120f 1100 24b8 0015 8409 01a7 ff70
    0000120: 1d9b 000f 120f 1c1d 03b8 002f 11ff ff3e
    0000130: 120f 1100 2cb8 0015 1507 1505 1100 2c3d
    0000140: 1100 003e a400 351c 1100 2ca0 0016 1d11
    0000150: 0000 a000 0f12 0f1c 1d04 b800 2f11 ffff
    0000160: 3e12 0f11 002e b800 1515 0736 0512 0f11
    0000170: 002f b800 1515 0636 041d 9b00 0f12 0f1c
    0000180: 1d03 b800 2f11 ffff 3e12 0f11 001f b800
    0000190: 1584 0801 a7fe 9e1d 9b00 0f12 0f1c 1d03
    00001a0: b800 2f11 ffff 3e12 0f11 0034 b800 15b2
    00001b0: 003e 1504 b600 4412 0f11 0035 b800 1515
    00001c0: 04ac                                   
  Stackmap Table:
    full_frame(@50,{Object[#2],Object[#39],Integer,Integer,Integer,Top,Integer},{})
    full_frame(@141,{Object[#2],Object[#39],Integer,Integer,Integer,Integer,Integer,Integer},{})
    same_frame_extended(@282)
    chop_frame(@312,1)
    same_frame_extended(@401)
    chop_frame(@431,2)

	at untref.aydoo.tests.ProcesadorTest.probarTiempo(ProcesadorTest.java:20)
</error>
  </testcase>
  <system-out><![CDATA[]]></system-out>
  <system-err><![CDATA[]]></system-err>
</testsuite>
