<?xml version="1.0" encoding="UTF-8" ?>
<testsuite errors="1" failures="0" hostname="skorpios" name="untref.aydoo.tests.ManejadorArchivosTest" tests="1" time="0.123" timestamp="2014-06-20T05:18:04">
  <properties>
    <property name="java.vendor" value="Oracle Corporation" />
    <property name="coverage.summaryxml.dir" value="/home/guillermo/GUILLE/UNTREF/AyDOO/TP_FINAL/untref-aydoo-tp-final-garispe/build/reports/cobertura-summary-xml" />
    <property name="libs" value="/home/guillermo/GUILLE/UNTREF/AyDOO/TP_FINAL/untref-aydoo-tp-final-garispe/libs" />
    <property name="sun.java.launcher" value="SUN_STANDARD" />
    <property name="sun.management.compiler" value="HotSpot Tiered Compilers" />
    <property name="os.name" value="Linux" />
    <property name="sun.boot.class.path" value="/usr/lib/jvm/java-7-oracle/jre/lib/resources.jar:/usr/lib/jvm/java-7-oracle/jre/lib/rt.jar:/usr/lib/jvm/java-7-oracle/jre/lib/sunrsasign.jar:/usr/lib/jvm/java-7-oracle/jre/lib/jsse.jar:/usr/lib/jvm/java-7-oracle/jre/lib/jce.jar:/usr/lib/jvm/java-7-oracle/jre/lib/charsets.jar:/usr/lib/jvm/java-7-oracle/jre/lib/jfr.jar:/usr/lib/jvm/java-7-oracle/jre/classes" />
    <property name="reports.html.dir" value="/home/guillermo/GUILLE/UNTREF/AyDOO/TP_FINAL/untref-aydoo-tp-final-garispe/build/reports/junit-html" />
    <property name="sun.desktop" value="gnome" />
    <property name="java.vm.specification.vendor" value="Oracle Corporation" />
    <property name="net.sourceforge.cobertura.datafile" value="/home/guillermo/GUILLE/UNTREF/AyDOO/TP_FINAL/untref-aydoo-tp-final-garispe/build/cobertura.ser" />
    <property name="ant.home" value="/usr/share/ant" />
    <property name="java.runtime.version" value="1.7.0_60-b19" />
    <property name="cobertura.dir" value="/home/guillermo/GUILLE/UNTREF/AyDOO/TP_FINAL/untref-aydoo-tp-final-garispe/libs" />
    <property name="user.name" value="guillermo" />
    <property name="ant.file.proyecto-java-aydoo" value="/home/guillermo/GUILLE/UNTREF/AyDOO/TP_FINAL/untref-aydoo-tp-final-garispe/build.xml" />
    <property name="ant.file.type.proyecto-java-aydoo" value="file" />
    <property name="user.language" value="es" />
    <property name="build" value="/home/guillermo/GUILLE/UNTREF/AyDOO/TP_FINAL/untref-aydoo-tp-final-garispe/build" />
    <property name="sun.boot.library.path" value="/usr/lib/jvm/java-7-oracle/jre/lib/i386" />
    <property name="reports.dir" value="/home/guillermo/GUILLE/UNTREF/AyDOO/TP_FINAL/untref-aydoo-tp-final-garispe/build/reports" />
    <property name="ant.project.default-target" value="test" />
    <property name="ant.project.name" value="proyecto-java-aydoo" />
    <property name="java.version" value="1.7.0_60" />
    <property name="coverage.html.dir" value="/home/guillermo/GUILLE/UNTREF/AyDOO/TP_FINAL/untref-aydoo-tp-final-garispe/build/reports/cobertura-html" />
    <property name="user.timezone" value="" />
    <property name="sun.arch.data.model" value="32" />
    <property name="java.endorsed.dirs" value="/usr/lib/jvm/java-7-oracle/jre/lib/endorsed" />
    <property name="sun.cpu.isalist" value="" />
    <property name="sun.jnu.encoding" value="UTF-8" />
    <property name="file.encoding.pkg" value="sun.io" />
    <property name="file.separator" value="/" />
    <property name="java.specification.name" value="Java Platform API Specification" />
    <property name="classes.dir" value="/home/guillermo/GUILLE/UNTREF/AyDOO/TP_FINAL/untref-aydoo-tp-final-garispe/build" />
    <property name="java.class.version" value="51.0" />
    <property name="user.country" value="AR" />
    <property name="java.home" value="/usr/lib/jvm/java-7-oracle/jre" />
    <property name="java.vm.info" value="mixed mode" />
    <property name="ant.file" value="/home/guillermo/GUILLE/UNTREF/AyDOO/TP_FINAL/untref-aydoo-tp-final-garispe/build.xml" />
    <property name="os.version" value="3.11.0-23-generic" />
    <property name="path.separator" value=":" />
    <property name="java.vm.version" value="24.60-b09" />
    <property name="ant.library.dir" value="/usr/share/ant/lib" />
    <property name="java.awt.printerjob" value="sun.print.PSPrinterJob" />
    <property name="sun.io.unicode.encoding" value="UnicodeLittle" />
    <property name="awt.toolkit" value="sun.awt.X11.XToolkit" />
    <property name="reports.xml.dir" value="/home/guillermo/GUILLE/UNTREF/AyDOO/TP_FINAL/untref-aydoo-tp-final-garispe/build/reports/junit-xml" />
    <property name="user.home" value="/home/guillermo" />
    <property name="java.specification.vendor" value="Oracle Corporation" />
    <property name="coverage.xml.dir" value="/home/guillermo/GUILLE/UNTREF/AyDOO/TP_FINAL/untref-aydoo-tp-final-garispe/build/reports/cobertura-xml" />
    <property name="java.library.path" value="/usr/java/packages/lib/i386:/lib:/usr/lib" />
    <property name="java.vendor.url" value="http://java.oracle.com/" />
    <property name="java.vm.vendor" value="Oracle Corporation" />
    <property name="java.runtime.name" value="Java(TM) SE Runtime Environment" />
    <property name="sun.java.command" value="org.apache.tools.ant.taskdefs.optional.junit.JUnitTestRunner testsfile=/home/guillermo/GUILLE/UNTREF/AyDOO/TP_FINAL/untref-aydoo-tp-final-garispe/junittestcases932491108155509872.properties filtertrace=true haltOnError=false haltOnFailure=false showoutput=false outputtoformatters=true logfailedtests=true logtestlistenerevents=false formatter=org.apache.tools.ant.taskdefs.optional.junit.XMLJUnitResultFormatter,/home/guillermo/GUILLE/UNTREF/AyDOO/TP_FINAL/untref-aydoo-tp-final-garispe/build/reports/junit-xml/IGNORETHIS.xml crashfile=/home/guillermo/GUILLE/UNTREF/AyDOO/TP_FINAL/untref-aydoo-tp-final-garispe/junitvmwatcher5610009816469837662.properties propsfile=/home/guillermo/GUILLE/UNTREF/AyDOO/TP_FINAL/untref-aydoo-tp-final-garispe/junit2967730945827358028.properties" />
    <property name="java.class.path" value="/home/guillermo/GUILLE/UNTREF/AyDOO/TP_FINAL/untref-aydoo-tp-final-garispe/build/instrumented:/home/guillermo/GUILLE/UNTREF/AyDOO/TP_FINAL/untref-aydoo-tp-final-garispe/build:/home/guillermo/GUILLE/UNTREF/AyDOO/TP_FINAL/untref-aydoo-tp-final-garispe/libs/asm-3.0.jar:/home/guillermo/GUILLE/UNTREF/AyDOO/TP_FINAL/untref-aydoo-tp-final-garispe/libs/asm-tree-3.0.jar:/home/guillermo/GUILLE/UNTREF/AyDOO/TP_FINAL/untref-aydoo-tp-final-garispe/libs/checkstyle-5.5-all.jar:/home/guillermo/GUILLE/UNTREF/AyDOO/TP_FINAL/untref-aydoo-tp-final-garispe/libs/cobertura.jar:/home/guillermo/GUILLE/UNTREF/AyDOO/TP_FINAL/untref-aydoo-tp-final-garispe/libs/jakarta-oro-2.0.8.jar:/home/guillermo/GUILLE/UNTREF/AyDOO/TP_FINAL/untref-aydoo-tp-final-garispe/libs/junit-4.10.jar:/home/guillermo/GUILLE/UNTREF/AyDOO/TP_FINAL/untref-aydoo-tp-final-garispe/libs/jyaml-1.3.jar:/home/guillermo/GUILLE/UNTREF/AyDOO/TP_FINAL/untref-aydoo-tp-final-garispe/libs/log4j-1.2.9.jar:/home/guillermo/GUILLE/UNTREF/AyDOO/TP_FINAL/untref-aydoo-tp-final-garispe/libs/mockito-all-1.9.0.jar:/home/guillermo/GUILLE/UNTREF/AyDOO/TP_FINAL/untref-aydoo-tp-final-garispe/libs/opencsv-2.3.jar:/home/guillermo/GUILLE/UNTREF/AyDOO/TP_FINAL/untref-aydoo-tp-final-garispe/libs/zip4j_1.3.2.jar:/home/guillermo/GUILLE/UNTREF/AyDOO/TP_FINAL/untref-aydoo-tp-final-garispe/build/tests:/usr/share/ant/lib/junit.jar:/usr/share/java/ant-launcher-1.8.2.jar:/usr/share/ant/lib/ant.jar:/usr/share/ant/lib/ant-junit.jar:/usr/share/ant/lib/ant-junit4.jar" />
    <property name="ant.version" value="Apache Ant(TM) version 1.8.2 compiled on December 3 2011" />
    <property name="java.vm.specification.name" value="Java Virtual Machine Specification" />
    <property name="ant.file.type" value="file" />
    <property name="java.vm.specification.version" value="1.7" />
    <property name="sun.cpu.endian" value="little" />
    <property name="sun.os.patch.level" value="unknown" />
    <property name="java.io.tmpdir" value="/tmp" />
    <property name="java.vendor.url.bug" value="http://bugreport.sun.com/bugreport/" />
    <property name="os.arch" value="i386" />
    <property name="java.awt.graphicsenv" value="sun.awt.X11GraphicsEnvironment" />
    <property name="instrumented.dir" value="/home/guillermo/GUILLE/UNTREF/AyDOO/TP_FINAL/untref-aydoo-tp-final-garispe/build/instrumented" />
    <property name="java.ext.dirs" value="/usr/lib/jvm/java-7-oracle/jre/lib/ext:/usr/java/packages/lib/ext" />
    <property name="user.dir" value="/home/guillermo/GUILLE/UNTREF/AyDOO/TP_FINAL/untref-aydoo-tp-final-garispe" />
    <property name="line.separator" value="&#xa;" />
    <property name="java.vm.name" value="Java HotSpot(TM) Server VM" />
    <property name="basedir" value="/home/guillermo/GUILLE/UNTREF/AyDOO/TP_FINAL/untref-aydoo-tp-final-garispe" />
    <property name="ant.java.version" value="1.7" />
    <property name="ant.core.lib" value="/usr/share/ant/lib/ant.jar" />
    <property name="file.encoding" value="UTF-8" />
    <property name="java.specification.version" value="1.7" />
    <property name="src.dir" value="/home/guillermo/GUILLE/UNTREF/AyDOO/TP_FINAL/untref-aydoo-tp-final-garispe/src" />
    <property name="ant.project.invoked-targets" value="test" />
  </properties>
  <testcase classname="untref.aydoo.tests.ManejadorArchivosTest" name="verificarQueElTamaÃ±oDeLaListaDeRecorridosEsElEsperado" time="0.016">
    <error message="Instruction type does not match stack map&#xa;Exception Details:&#xa;  Location:&#xa;    untref/aydoo/procesador/ManejadorArchivos.obtenerRecorridos(Ljava/lang/String;)Ljava/util/List; @72: aload&#xa;  Reason:&#xa;    Type integer (current frame, locals[2]) is not assignable to &apos;au/com/bytecode/opencsv/CSVReader&apos; (stack map, locals[2])&#xa;  Current Frame:&#xa;    bci: @72&#xa;    flags: { }&#xa;    locals: { &apos;untref/aydoo/procesador/ManejadorArchivos&apos;, &apos;java/lang/String&apos;, integer, integer, &apos;au/com/bytecode/opencsv/CSVReader&apos;, &apos;java/util/ArrayList&apos; }&#xa;    stack: { }&#xa;  Stackmap Frame:&#xa;    bci: @72&#xa;    flags: { }&#xa;    locals: { &apos;untref/aydoo/procesador/ManejadorArchivos&apos;, &apos;java/lang/String&apos;, &apos;au/com/bytecode/opencsv/CSVReader&apos;, &apos;java/util/List&apos; }&#xa;    stack: { }&#xa;  Bytecode:&#xa;    0000000: 033d 11ff ff3e 120b 1100 21b8 0011 bb00&#xa;    0000010: 4f59 bb00 5159 2bb7 0052 103b b700 553a&#xa;    0000020: 0412 0b11 0023 b800 11bb 0057 59b7 0058&#xa;    0000030: 3a05 120b 1100 29b8 0011 1904 b600 5c57&#xa;    0000040: 120b 1100 2bb8 0011 1904 b600 5c59 3a06&#xa;    0000050: 1100 2b3d 1100 003e c601 1f1c 1100 2ba0&#xa;    0000060: 0016 1d11 0000 a000 0f12 0b1c 1d04 b800&#xa;    0000070: 6211 ffff 3e12 0b11 002d b800 11bb 0064&#xa;    0000080: 59b7 0065 3a07 120b 1100 31b8 0011 1907&#xa;    0000090: 1906 0332 b800 6bb6 006f 120b 1100 32b8&#xa;    00000a0: 0011 1907 1906 0432 b800 6bb6 0072 120b&#xa;    00000b0: 1100 34b8 0011 1907 1906 0532 b600 7512&#xa;    00000c0: 0b11 0035 b800 1119 0719 0606 32b8 006b&#xa;    00000d0: b800 79b6 007d 120b 1100 36b8 0011 1907&#xa;    00000e0: 1906 0732 b600 8012 0b11 0038 b800 1119&#xa;    00000f0: 0719 0608 32b6 0083 120b 1100 39b8 0011&#xa;    0000100: 1907 1906 1006 32b8 006b b800 79b6 0086&#xa;    0000110: 120b 1100 3ab8 0011 1907 1906 1007 32b6&#xa;    0000120: 0089 120b 1100 3cb8 0011 1907 1906 1008&#xa;    0000130: 32b8 006b b600 8c12 0b11 003e b800 1119&#xa;    0000140: 0519 07b9 0090 0200 5712 0b11 0044 b800&#xa;    0000150: 11a7 001b 120b 1100 41b8 0011 3a08 120b&#xa;    0000160: 1100 43b8 0011 1907 03b6 008c 120b 1100&#xa;    0000170: 45b8 0011 a7fe cc1d 9b00 0f12 0b1c 1d03&#xa;    0000180: b800 6211 ffff 3e12 0b11 0047 b800 1119&#xa;    0000190: 04b6 0097 120b 1100 49b8 0011 1905 b0  &#xa;  Exception Handler Table:&#xa;    bci [134, 329] =&gt; handler: 340&#xa;  Stackmap Table:&#xa;    append_frame(@72,Object[#79],Object[#94])&#xa;    full_frame(@348,{Object[#2],Object[#146],Object[#79],Object[#94],Object[#148],Object[#100]},{Object[#77]})&#xa;    chop_frame(@372,1)&#xa;    same_frame(@399)&#xa;" type="java.lang.VerifyError">java.lang.VerifyError: Instruction type does not match stack map
Exception Details:
  Location:
    untref/aydoo/procesador/ManejadorArchivos.obtenerRecorridos(Ljava/lang/String;)Ljava/util/List; @72: aload
  Reason:
    Type integer (current frame, locals[2]) is not assignable to &apos;au/com/bytecode/opencsv/CSVReader&apos; (stack map, locals[2])
  Current Frame:
    bci: @72
    flags: { }
    locals: { &apos;untref/aydoo/procesador/ManejadorArchivos&apos;, &apos;java/lang/String&apos;, integer, integer, &apos;au/com/bytecode/opencsv/CSVReader&apos;, &apos;java/util/ArrayList&apos; }
    stack: { }
  Stackmap Frame:
    bci: @72
    flags: { }
    locals: { &apos;untref/aydoo/procesador/ManejadorArchivos&apos;, &apos;java/lang/String&apos;, &apos;au/com/bytecode/opencsv/CSVReader&apos;, &apos;java/util/List&apos; }
    stack: { }
  Bytecode:
    0000000: 033d 11ff ff3e 120b 1100 21b8 0011 bb00
    0000010: 4f59 bb00 5159 2bb7 0052 103b b700 553a
    0000020: 0412 0b11 0023 b800 11bb 0057 59b7 0058
    0000030: 3a05 120b 1100 29b8 0011 1904 b600 5c57
    0000040: 120b 1100 2bb8 0011 1904 b600 5c59 3a06
    0000050: 1100 2b3d 1100 003e c601 1f1c 1100 2ba0
    0000060: 0016 1d11 0000 a000 0f12 0b1c 1d04 b800
    0000070: 6211 ffff 3e12 0b11 002d b800 11bb 0064
    0000080: 59b7 0065 3a07 120b 1100 31b8 0011 1907
    0000090: 1906 0332 b800 6bb6 006f 120b 1100 32b8
    00000a0: 0011 1907 1906 0432 b800 6bb6 0072 120b
    00000b0: 1100 34b8 0011 1907 1906 0532 b600 7512
    00000c0: 0b11 0035 b800 1119 0719 0606 32b8 006b
    00000d0: b800 79b6 007d 120b 1100 36b8 0011 1907
    00000e0: 1906 0732 b600 8012 0b11 0038 b800 1119
    00000f0: 0719 0608 32b6 0083 120b 1100 39b8 0011
    0000100: 1907 1906 1006 32b8 006b b800 79b6 0086
    0000110: 120b 1100 3ab8 0011 1907 1906 1007 32b6
    0000120: 0089 120b 1100 3cb8 0011 1907 1906 1008
    0000130: 32b8 006b b600 8c12 0b11 003e b800 1119
    0000140: 0519 07b9 0090 0200 5712 0b11 0044 b800
    0000150: 11a7 001b 120b 1100 41b8 0011 3a08 120b
    0000160: 1100 43b8 0011 1907 03b6 008c 120b 1100
    0000170: 45b8 0011 a7fe cc1d 9b00 0f12 0b1c 1d03
    0000180: b800 6211 ffff 3e12 0b11 0047 b800 1119
    0000190: 04b6 0097 120b 1100 49b8 0011 1905 b0  
  Exception Handler Table:
    bci [134, 329] =&gt; handler: 340
  Stackmap Table:
    append_frame(@72,Object[#79],Object[#94])
    full_frame(@348,{Object[#2],Object[#146],Object[#79],Object[#94],Object[#148],Object[#100]},{Object[#77]})
    chop_frame(@372,1)
    same_frame(@399)

	at untref.aydoo.tests.ManejadorArchivosTest.verificarQueElTamaÃ±oDeLaListaDeRecorridosEsElEsperado(ManejadorArchivosTest.java:23)
</error>
  </testcase>
  <system-out><![CDATA[]]></system-out>
  <system-err><![CDATA[]]></system-err>
</testsuite>
